
Modules based on Lua: Version 8.7.47 2024-07-22 10:04 -04:00
    by Robert McLay mclay@tacc.utexas.edu

module [options] sub-command [args ...]

Help sub-commands:


  help                              prints this message
  help                module [...]  print help message from module(s)

Loading/Unloading sub-commands:


  load | add          module [...]  load module(s)
  try-load | try-add  module [...]  Add module(s), do not complain if not
                                    found
  del | unload        module [...]  Remove module(s), do not complain if not
                                    found
  swap | sw | switch  m1 m2         unload m1 and load m2
  purge                             unload all modules
  refresh                           reload aliases from current list of
                                    modules.
  update                            reload all currently loaded modules.

Listing / Searching sub-commands:


  list                              List loaded modules
  list                s1 s2 ...     List loaded modules that match the
                                    pattern
  avail | av                        List available modules
  avail | av          string        List available modules that contain
                                    "string".
  category | cat                    List all categories
  category | cat      s1 s2 ...     List all categories that match the
                                    pattern and display their modules
  overview | ov                     List all available modules by short
                                    names with number of versions
  overview | ov       string        List available modules by short names
                                    with number of versions that contain
                                    "string"
  spider                            List all possible modules
  spider              module        List all possible version of that module
                                    file
  spider              string        List all module that contain the
                                    "string".
  spider              name/version  Detailed information about that version
                                    of the module.
  whatis              module        Print whatis information about module
  keyword | key       string        Search all name and whatis that contain
                                    "string".

Searching with Lmod:


  All searching (spider, list, avail, keyword) support regular expressions:
  

  -r spider           '^p'          Finds all the modules that start with
                                    `p' or `P'
  -r spider           mpi           Finds all modules that have "mpi" in
                                    their name.
  -r spider           'mpi$         Finds all modules that end with "mpi" in
                                    their name.

Handling a collection of modules:


  save | s                          Save the current list of modules to a
                                    user defined "default" collection.
  save | s            name          Save the current list of modules to
                                    "name" collection.
  reset                             The same as "restore system"
  restore | r                       Restore modules from the user's
                                    "default" or system default.
  restore | r         name          Restore modules from "name" collection.
  restore             system        Restore module state to system defaults.
  savelist                          List of saved collections.
  describe | mcc      name          Describe the contents of a module
                                    collection.
  disable             name          Disable (i.e. remove) a collection.

Deprecated commands:


  getdefault          [name]        load name collection of modules or
                                    user's "default" if no name given.
                                    ===> Use "restore" instead <====
  setdefault          [name]        Save current list of modules to name if
                                    given, otherwise save as the default
                                    list for you the user.
                                    ===> Use "save" instead. <====

Miscellaneous sub-commands:


  is-loaded           modulefile    return a true status if module is loaded
  is-avail            modulefile    return a true status if module can be
                                    loaded
  show                modulefile    show the commands in the module file.
  use [-a]            path          Prepend or Append path to MODULEPATH.
  unuse               path          remove path from MODULEPATH.
  tablelist                         output list of active modules as a lua
                                    table.

Important Environment Variables:


  LMOD_COLORIZE                     If defined to be "YES" then Lmod prints
                                    properties and warning in color.


Lmod Web Sites

  Documentation:    https://lmod.readthedocs.org
  GitHub:           https://github.com/TACC/Lmod
  SourceForge:      https://lmod.sf.net
  TACC Homepage:    https://www.tacc.utexas.edu/research-development/tacc-projects/lmod

  To report a bug please read https://lmod.readthedocs.io/en/latest/075_bug_reporting.html

created virtual environment CPython3.12.4.final.0-64 in 27111ms
  creator CPython3Posix(dest=/localscratch/tristanb.56435513.0/env, clear=False, no_vcs_ignore=False, global=False)
  seeder FromAppData(download=False, pip=bundle, via=copy, app_data_dir=/home/tristanb/.local/share/virtualenv)
    added seed packages: pip==24.3.1
  activators BashActivator,CShellActivator,FishActivator,NushellActivator,PowerShellActivator,PythonActivator
Looking in links: /cvmfs/soft.computecanada.ca/custom/python/wheelhouse/gentoo2023/x86-64-v3, /cvmfs/soft.computecanada.ca/custom/python/wheelhouse/gentoo2023/generic, /cvmfs/soft.computecanada.ca/custom/python/wheelhouse/generic
Requirement already satisfied: pip in /localscratch/tristanb.56435513.0/env/lib/python3.12/site-packages (24.3.1)
Processing /cvmfs/soft.computecanada.ca/custom/python/wheelhouse/generic/pip-25.0+computecanada-py3-none-any.whl
Installing collected packages: pip
  Attempting uninstall: pip
    Found existing installation: pip 24.3.1
    Uninstalling pip-24.3.1:
      Successfully uninstalled pip-24.3.1
Successfully installed pip-25.0+computecanada
Looking in links: /cvmfs/soft.computecanada.ca/custom/python/wheelhouse/gentoo2023/x86-64-v3, /cvmfs/soft.computecanada.ca/custom/python/wheelhouse/gentoo2023/generic, /cvmfs/soft.computecanada.ca/custom/python/wheelhouse/generic
Processing /cvmfs/soft.computecanada.ca/custom/python/wheelhouse/generic/astropy-7.0.0+computecanada-cp312-cp312-linux_x86_64.whl (from -r /home/tristanb/projects/def-pjmann/tristanb/pureCNNRequirements.txt (line 1))
Processing /cvmfs/soft.computecanada.ca/custom/python/wheelhouse/generic/filelock-3.17.0+computecanada-py3-none-any.whl (from -r /home/tristanb/projects/def-pjmann/tristanb/pureCNNRequirements.txt (line 2))
Processing /cvmfs/soft.computecanada.ca/custom/python/wheelhouse/generic/fsspec-2025.2.0+computecanada-py3-none-any.whl (from -r /home/tristanb/projects/def-pjmann/tristanb/pureCNNRequirements.txt (line 3))
Processing /cvmfs/soft.computecanada.ca/custom/python/wheelhouse/generic/jinja2-3.1.5+computecanada-py3-none-any.whl (from -r /home/tristanb/projects/def-pjmann/tristanb/pureCNNRequirements.txt (line 4))
Processing /cvmfs/soft.computecanada.ca/custom/python/wheelhouse/generic/joblib-1.4.2+computecanada-py3-none-any.whl (from -r /home/tristanb/projects/def-pjmann/tristanb/pureCNNRequirements.txt (line 5))
Processing /cvmfs/soft.computecanada.ca/custom/python/wheelhouse/generic/MarkupSafe-2.1.5+computecanada-cp312-cp312-linux_x86_64.whl (from -r /home/tristanb/projects/def-pjmann/tristanb/pureCNNRequirements.txt (line 6))
Processing /cvmfs/soft.computecanada.ca/custom/python/wheelhouse/generic/mpmath-1.3.0+computecanada-py3-none-any.whl (from -r /home/tristanb/projects/def-pjmann/tristanb/pureCNNRequirements.txt (line 7))
Processing /cvmfs/soft.computecanada.ca/custom/python/wheelhouse/generic/networkx-3.4.2+computecanada-py3-none-any.whl (from -r /home/tristanb/projects/def-pjmann/tristanb/pureCNNRequirements.txt (line 8))
Processing /cvmfs/soft.computecanada.ca/custom/python/wheelhouse/gentoo2023/generic/numpy-2.2.2+computecanada-cp312-cp312-linux_x86_64.whl (from -r /home/tristanb/projects/def-pjmann/tristanb/pureCNNRequirements.txt (line 9))
Processing /cvmfs/soft.computecanada.ca/custom/python/wheelhouse/generic/packaging-24.2+computecanada-py3-none-any.whl (from -r /home/tristanb/projects/def-pjmann/tristanb/pureCNNRequirements.txt (line 10))
Processing /cvmfs/soft.computecanada.ca/custom/python/wheelhouse/gentoo2023/x86-64-v3/pandas-2.2.3+computecanada-cp312-cp312-linux_x86_64.whl (from -r /home/tristanb/projects/def-pjmann/tristanb/pureCNNRequirements.txt (line 11))
Processing /cvmfs/soft.computecanada.ca/custom/python/wheelhouse/generic/pyerfa-2.0.1.5+computecanada-cp39-abi3-linux_x86_64.whl (from -r /home/tristanb/projects/def-pjmann/tristanb/pureCNNRequirements.txt (line 12))
Processing /cvmfs/soft.computecanada.ca/custom/python/wheelhouse/generic/python_dateutil-2.9.0.post0+computecanada-py2.py3-none-any.whl (from -r /home/tristanb/projects/def-pjmann/tristanb/pureCNNRequirements.txt (line 13))
Processing /cvmfs/soft.computecanada.ca/custom/python/wheelhouse/generic/pytz-2025.1+computecanada-py2.py3-none-any.whl (from -r /home/tristanb/projects/def-pjmann/tristanb/pureCNNRequirements.txt (line 14))
Processing /cvmfs/soft.computecanada.ca/custom/python/wheelhouse/gentoo2023/x86-64-v3/PyYAML-6.0.2+computecanada-cp312-cp312-linux_x86_64.whl (from -r /home/tristanb/projects/def-pjmann/tristanb/pureCNNRequirements.txt (line 15))
Processing /cvmfs/soft.computecanada.ca/custom/python/wheelhouse/gentoo2023/generic/scikit_learn-1.6.1+computecanada-cp312-cp312-linux_x86_64.whl (from -r /home/tristanb/projects/def-pjmann/tristanb/pureCNNRequirements.txt (line 16))
Processing /cvmfs/soft.computecanada.ca/custom/python/wheelhouse/gentoo2023/generic/scipy-1.15.1+computecanada-cp312-cp312-linux_x86_64.whl (from -r /home/tristanb/projects/def-pjmann/tristanb/pureCNNRequirements.txt (line 17))
Processing /cvmfs/soft.computecanada.ca/custom/python/wheelhouse/generic/six-1.17.0+computecanada-py2.py3-none-any.whl (from -r /home/tristanb/projects/def-pjmann/tristanb/pureCNNRequirements.txt (line 18))
Processing /cvmfs/soft.computecanada.ca/custom/python/wheelhouse/generic/sklearn-0.0+computecanada-py2.py3-none-any.whl (from -r /home/tristanb/projects/def-pjmann/tristanb/pureCNNRequirements.txt (line 19))
Processing /cvmfs/soft.computecanada.ca/custom/python/wheelhouse/generic/sympy-1.13.1+computecanada-py3-none-any.whl (from -r /home/tristanb/projects/def-pjmann/tristanb/pureCNNRequirements.txt (line 20))
Processing /cvmfs/soft.computecanada.ca/custom/python/wheelhouse/generic/threadpoolctl-3.5.0+computecanada-py3-none-any.whl (from -r /home/tristanb/projects/def-pjmann/tristanb/pureCNNRequirements.txt (line 21))
Processing /cvmfs/soft.computecanada.ca/custom/python/wheelhouse/gentoo2023/x86-64-v3/torch-2.6.0+computecanada-cp312-cp312-linux_x86_64.whl (from -r /home/tristanb/projects/def-pjmann/tristanb/pureCNNRequirements.txt (line 22))
Processing /cvmfs/soft.computecanada.ca/custom/python/wheelhouse/generic/typing_extensions-4.12.2+computecanada-py3-none-any.whl (from -r /home/tristanb/projects/def-pjmann/tristanb/pureCNNRequirements.txt (line 23))
Processing /cvmfs/soft.computecanada.ca/custom/python/wheelhouse/generic/tzdata-2025.1+computecanada-py2.py3-none-any.whl (from -r /home/tristanb/projects/def-pjmann/tristanb/pureCNNRequirements.txt (line 24))
Processing /cvmfs/soft.computecanada.ca/custom/python/wheelhouse/generic/astropy_iers_data-0.2025.2.3.0.32.42+computecanada-py3-none-any.whl (from astropy==7.0.0+computecanada->-r /home/tristanb/projects/def-pjmann/tristanb/pureCNNRequirements.txt (line 1))
Processing /cvmfs/soft.computecanada.ca/custom/python/wheelhouse/generic/setuptools-75.8.0+computecanada-py3-none-any.whl (from torch==2.6.0+computecanada->-r /home/tristanb/projects/def-pjmann/tristanb/pureCNNRequirements.txt (line 22))
Installing collected packages: pytz, mpmath, tzdata, typing_extensions, threadpoolctl, sympy, six, setuptools, PyYAML, packaging, numpy, networkx, MarkupSafe, joblib, fsspec, filelock, astropy-iers-data, scipy, python_dateutil, pyerfa, jinja2, torch, scikit_learn, pandas, astropy, sklearn
Successfully installed MarkupSafe-2.1.5+computecanada PyYAML-6.0.2+computecanada astropy-7.0.0+computecanada astropy-iers-data-0.2025.2.3.0.32.42+computecanada filelock-3.17.0+computecanada fsspec-2025.2.0+computecanada jinja2-3.1.5+computecanada joblib-1.4.2+computecanada mpmath-1.3.0+computecanada networkx-3.4.2+computecanada numpy-2.2.2+computecanada packaging-24.2+computecanada pandas-2.2.3+computecanada pyerfa-2.0.1.5+computecanada python_dateutil-2.9.0.post0+computecanada pytz-2025.1+computecanada scikit_learn-1.6.1+computecanada scipy-1.15.1+computecanada setuptools-75.8.0+computecanada six-1.17.0+computecanada sklearn-0.0+computecanada sympy-1.13.1+computecanada threadpoolctl-3.5.0+computecanada torch-2.6.0+computecanada typing_extensions-4.12.2+computecanada tzdata-2025.1+computecanada
cuda
Loaded all training data, it took: 517.3883855342865
Epoch 1, Loss: 0.019984470130300816, KL Divergence: 0.32927334826669574, Top-K Accuracy: 0.4478317901234568, Cross Entropy: 1.3894912004470825
Validation Loss: 0.01884232485631935, KL Divergence: 0.30285513977660833, Top-K Accuracy: 0.4868583415597236, Cross Entropy: 1.3611249923706055
Epoch 2, Loss: 0.018982485147584, KL Divergence: 0.3027934623868377, Top-K Accuracy: 0.47118827160493826, Cross Entropy: 1.3630092144012451
Validation Loss: 0.0187558131742954, KL Divergence: 0.2967956883415418, Top-K Accuracy: 0.48861673247778875, Cross Entropy: 1.355088472366333
Epoch 3, Loss: 0.018593416833721194, KL Divergence: 0.2946907330405565, Top-K Accuracy: 0.48704475308641976, Cross Entropy: 1.3549084663391113
Validation Loss: 0.01830763151448106, KL Divergence: 0.28899093912243257, Top-K Accuracy: 0.4952492596248766, Cross Entropy: 1.347274661064148
Epoch 4, Loss: 0.017919968567834593, KL Divergence: 0.2843167676528295, Top-K Accuracy: 0.5139351851851852, Cross Entropy: 1.3445371389389038
Validation Loss: 0.017058652388952444, KL Divergence: 0.27161871136588145, Top-K Accuracy: 0.5505306021717671, Cross Entropy: 1.3299493789672852
Epoch 5, Loss: 0.017384573850366805, KL Divergence: 0.27622674957469656, Top-K Accuracy: 0.5314274691358025, Cross Entropy: 1.3364452123641968
Validation Loss: 0.01699102821604506, KL Divergence: 0.2710309442121679, Top-K Accuracy: 0.5540165350444225, Cross Entropy: 1.3293627500534058
Epoch 6, Loss: 0.017077127648172555, KL Divergence: 0.27167598727676606, Top-K Accuracy: 0.5414737654320988, Cross Entropy: 1.3318952322006226
Validation Loss: 0.016726708893277126, KL Divergence: 0.26577424432306396, Top-K Accuracy: 0.5552196446199408, Cross Entropy: 1.3241220712661743
Epoch 7, Loss: 0.01689958441703592, KL Divergence: 0.2689338451072022, Top-K Accuracy: 0.5463888888888889, Cross Entropy: 1.3291518688201904
Validation Loss: 0.016321695539346454, KL Divergence: 0.2613593807254586, Top-K Accuracy: 0.5733896841066141, Cross Entropy: 1.3196632862091064
Epoch 8, Loss: 0.016752821810911468, KL Divergence: 0.26686238261652584, Top-K Accuracy: 0.5522376543209877, Cross Entropy: 1.3270829916000366
Validation Loss: 0.016632796939083642, KL Divergence: 0.26411362207124167, Top-K Accuracy: 0.5571322803553801, Cross Entropy: 1.3223919868469238
Epoch 9, Loss: 0.016632600500604805, KL Divergence: 0.26467593314839, Top-K Accuracy: 0.5559953703703704, Cross Entropy: 1.3248957395553589
Validation Loss: 0.016391075083844343, KL Divergence: 0.261403839950618, Top-K Accuracy: 0.5666337611056268, Cross Entropy: 1.319729208946228
Epoch 10, Loss: 0.0165715826254476, KL Divergence: 0.26401349039725314, Top-K Accuracy: 0.5573611111111111, Cross Entropy: 1.324235439300537
Validation Loss: 0.01687827410115718, KL Divergence: 0.2667557346797295, Top-K Accuracy: 0.5433427936821322, Cross Entropy: 1.3250788450241089
